Clock: core_clock
Sources: clk 
Generated: no
Virtual: yes
Propagated: no
Period: 6.667000

===========================================================================
report_clock_properties
============================================================================
Clock                   Period          Waveform
----------------------------------------------------
core_clock            6.667000    0.000000  3.333500

===========================================================================
report_clock_latency
============================================================================
Clock core_clock
rise -> rise
    min     max
0.000000 0.000000 source latency
0.420681         network latency _14730_/CLK
        0.523362 network latency _14514_/CLK
---------------
0.420681 0.523362 latency
        0.102681 skew

fall -> fall
    min     max
0.000000 0.000000 source latency
0.403563         network latency _14730_/CLK
        0.510284 network latency _14934_/CLK
---------------
0.403563 0.510284 latency
        0.106721 skew



===========================================================================
report_clock_min_period
============================================================================
core_clock period_min = 2.75 fmax = 364.29
