[WARNING ORD-0039] .openroad ignored with -python
Unannotated report:
['report_parasitic_annotation -report_unannotated\n',
 '============================================================================\n',
 'Found 115 unannotated drivers.\n',
 ' clkload0/Y\n',
 ' clkload1/Y\n',
 ' clkload10/Y\n',
 ' clkload100/Y\n',
 ' clkload101/Y\n',
 ' clkload102/Y\n',
 ' clkload103/Y\n',
 ' clkload104/Y\n',
 ' clkload105/X\n',
 ' clkload106/Y\n',
 ' clkload107/X\n',
 ' clkload108/X\n',
 ' clkload109/Y\n',
 ' clkload11/X\n',
 ' clkload110/Y\n',
 ' clkload111/Y\n',
 ' clkload112/Y\n',
 ' clkload113/Y\n',
 ' clkload114/Y\n',
 ' clkload12/X\n',
 ' clkload13/X\n',
 ' clkload14/Y\n',
 ' clkload15/X\n',
 ' clkload16/Y\n',
 ' clkload17/Y\n',
 ' clkload18/X\n',
 ' clkload19/Y\n',
 ' clkload2/X\n',
 ' clkload20/Y\n',
 ' clkload21/Y\n',
 ' clkload22/Y\n',
 ' clkload23/Y\n',
 ' clkload24/Y\n',
 ' clkload25/Y\n',
 ' clkload26/Y\n',
 ' clkload27/Y\n',
 ' clkload28/Y\n',
 ' clkload29/X\n',
 ' clkload3/X\n',
 ' clkload30/Y\n',
 ' clkload31/Y\n',
 ' clkload32/Y\n',
 ' clkload33/X\n',
 ' clkload34/Y\n',
 ' clkload35/X\n',
 ' clkload36/Y\n',
 ' clkload37/Y\n',
 ' clkload38/Y\n',
 ' clkload39/Y\n',
 ' clkload4/Y\n',
 ' clkload40/Y\n',
 ' clkload41/Y\n',
 ' clkload42/Y\n',
 ' clkload43/Y\n',
 ' clkload44/Y\n',
 ' clkload45/Y\n',
 ' clkload46/Y\n',
 ' clkload47/X\n',
 ' clkload48/Y\n',
 ' clkload49/Y\n',
 ' clkload5/X\n',
 ' clkload50/X\n',
 ' clkload51/Y\n',
 ' clkload52/Y\n',
 ' clkload53/X\n',
 ' clkload54/Y\n',
 ' clkload55/Y\n',
 ' clkload56/Y\n',
 ' clkload57/Y\n',
 ' clkload58/Y\n',
 ' clkload59/Y\n',
 ' clkload6/X\n',
 ' clkload60/X\n',
 ' clkload61/X\n',
 ' clkload62/Y\n',
 ' clkload63/Y\n',
 ' clkload64/Y\n',
 ' clkload65/Y\n',
 ' clkload66/Y\n',
 ' clkload67/Y\n',
 ' clkload68/X\n',
 ' clkload69/Y\n',
 ' clkload7/X\n',
 ' clkload70/Y\n',
 ' clkload71/Y\n',
 ' clkload72/Y\n',
 ' clkload73/Y\n',
 ' clkload74/Y\n',
 ' clkload75/Y\n',
 ' clkload76/Y\n',
 ' clkload77/Y\n',
 ' clkload78/Y\n',
 ' clkload79/Y\n',
 ' clkload8/X\n',
 ' clkload80/Y\n',
 ' clkload81/Y\n',
 ' clkload82/Y\n',
 ' clkload83/Y\n',
 ' clkload84/Y\n',
 ' clkload85/Y\n',
 ' clkload86/Y\n',
 ' clkload87/Y\n',
 ' clkload88/Y\n',
 ' clkload89/Y\n',
 ' clkload9/X\n',
 ' clkload90/Y\n',
 ' clkload91/Y\n',
 ' clkload92/Y\n',
 ' clkload93/Y\n',
 ' clkload94/Y\n',
 ' clkload95/Y\n',
 ' clkload96/Y\n',
 ' clkload97/X\n',
 ' clkload98/Y\n',
 ' clkload99/Y\n',
 'Found 0 partially unannotated drivers.\n',
 '\n']
Reported nets:
['clkload0/Y',
 'clkload1/Y',
 'clkload10/Y',
 'clkload100/Y',
 'clkload101/Y',
 'clkload102/Y',
 'clkload103/Y',
 'clkload104/Y',
 'clkload105/X',
 'clkload106/Y',
 'clkload107/X',
 'clkload108/X',
 'clkload109/Y',
 'clkload11/X',
 'clkload110/Y',
 'clkload111/Y',
 'clkload112/Y',
 'clkload113/Y',
 'clkload114/Y',
 'clkload12/X',
 'clkload13/X',
 'clkload14/Y',
 'clkload15/X',
 'clkload16/Y',
 'clkload17/Y',
 'clkload18/X',
 'clkload19/Y',
 'clkload2/X',
 'clkload20/Y',
 'clkload21/Y',
 'clkload22/Y',
 'clkload23/Y',
 'clkload24/Y',
 'clkload25/Y',
 'clkload26/Y',
 'clkload27/Y',
 'clkload28/Y',
 'clkload29/X',
 'clkload3/X',
 'clkload30/Y',
 'clkload31/Y',
 'clkload32/Y',
 'clkload33/X',
 'clkload34/Y',
 'clkload35/X',
 'clkload36/Y',
 'clkload37/Y',
 'clkload38/Y',
 'clkload39/Y',
 'clkload4/Y',
 'clkload40/Y',
 'clkload41/Y',
 'clkload42/Y',
 'clkload43/Y',
 'clkload44/Y',
 'clkload45/Y',
 'clkload46/Y',
 'clkload47/X',
 'clkload48/Y',
 'clkload49/Y',
 'clkload5/X',
 'clkload50/X',
 'clkload51/Y',
 'clkload52/Y',
 'clkload53/X',
 'clkload54/Y',
 'clkload55/Y',
 'clkload56/Y',
 'clkload57/Y',
 'clkload58/Y',
 'clkload59/Y',
 'clkload6/X',
 'clkload60/X',
 'clkload61/X',
 'clkload62/Y',
 'clkload63/Y',
 'clkload64/Y',
 'clkload65/Y',
 'clkload66/Y',
 'clkload67/Y',
 'clkload68/X',
 'clkload69/Y',
 'clkload7/X',
 'clkload70/Y',
 'clkload71/Y',
 'clkload72/Y',
 'clkload73/Y',
 'clkload74/Y',
 'clkload75/Y',
 'clkload76/Y',
 'clkload77/Y',
 'clkload78/Y',
 'clkload79/Y',
 'clkload8/X',
 'clkload80/Y',
 'clkload81/Y',
 'clkload82/Y',
 'clkload83/Y',
 'clkload84/Y',
 'clkload85/Y',
 'clkload86/Y',
 'clkload87/Y',
 'clkload88/Y',
 'clkload89/Y',
 'clkload9/X',
 'clkload90/Y',
 'clkload91/Y',
 'clkload92/Y',
 'clkload93/Y',
 'clkload94/Y',
 'clkload95/Y',
 'clkload96/Y',
 'clkload97/X',
 'clkload98/Y',
 'clkload99/Y']
Filtered nets:
[]
done
