Clock: core_clock
Sources: clk 
Generated: no
Virtual: yes
Propagated: no
Period: 6.667000

===========================================================================
report_clock_properties
============================================================================
Clock                   Period          Waveform
----------------------------------------------------
core_clock            6.667000    0.000000  3.333500

===========================================================================
report_clock_latency
============================================================================
Clock core_clock
rise -> rise
    min     max
0.000000 0.000000 source latency
0.286136         network latency _14730_/CLK
        0.365327 network latency _14934_/CLK
---------------
0.286136 0.365327 latency
        0.079191 skew

fall -> fall
    min     max
0.000000 0.000000 source latency
0.279204         network latency _14730_/CLK
        0.359212 network latency _14934_/CLK
---------------
0.279204 0.359212 latency
        0.080008 skew



===========================================================================
report_clock_min_period
============================================================================
core_clock period_min = 1.82 fmax = 549.11
